#
# A fatal error has been detected by the Java Runtime Environment:
#
#  SIGSEGV (0xb) at pc=0x00007fff94a304dd, pid=15709, tid=2571
#
# JRE version: Java(TM) SE Runtime Environment (8.0_91-b14) (build 1.8.0_91-b14)
# Java VM: Java HotSpot(TM) 64-Bit Server VM (25.91-b14 mixed mode bsd-amd64 compressed oops)
# Problematic frame:
# C  [libobjc.A.dylib+0x14dd]  objc_msgSend+0x1d
#
# Failed to write core dump. Core dumps have been disabled. To enable core dumping, try "ulimit -c unlimited" before starting Java again
#
# If you would like to submit a bug report, please visit:
#   http://bugreport.java.com/bugreport/crash.jsp
# The crash happened outside the Java Virtual Machine in native code.
# See problematic frame for where to report the bug.
#

---------------  T H R E A D  ---------------

Current thread (0x00007f915a123800):  JavaThread "AWT-AppKit" daemon [_thread_in_native, id=2571, stack(0x00007fff5a166000,0x00007fff5a966000)]

siginfo: si_signo: 11 (SIGSEGV), si_code: 1 (SEGV_MAPERR), si_addr: 0x0000000000000018

Registers:
RAX=0x00007f915e539860, RBX=0x00000001232fa450, RCX=0x000000011f5b5780, RDX=0x000000011f5b5620
RSP=0x00007fff5a961448, RBP=0x00007fff5a961500, RSI=0x00007fff83f06cde, RDI=0x00007f9159cfbe60
R8 =0x0000000000000000, R9 =0x00000000000008b0, R10=0x00007fff83f06cde, R11=0x0000000000000000
R12=0x0000000000000000, R13=0x0000000192f27be8, R14=0x00000001232fa440, R15=0x00007f915a123800
RIP=0x00007fff94a304dd, EFLAGS=0x0000000000010246, ERR=0x0000000000000004
  TRAPNO=0x000000000000000e

Top of Stack: (sp=0x00007fff5a961448)
0x00007fff5a961448:   00000001232f8157 00007fff5a9614a0
0x00007fff5a961458:   0000000000000003 00007fff5a961480
0x00007fff5a961468:   0000000105ff24ea 0000000192f27be8
0x00007fff5a961478:   0000000192f27be8 00007f915e539860
0x00007fff5a961488:   00000001232fa6a0 00000001232fa710
0x00007fff5a961498:   00007fff70bcc770 00007fff718e6500
0x00007fff5a9614a8:   00000001232fa450 00000001232fa690
0x00007fff5a9614b8:   00007f915e539860 00007f9159cfbe60
0x00007fff5a9614c8:   00007f9159d3a980 00007f915e539860
0x00007fff5a9614d8:   00007f9159cfbe60 00007fff5a961588
0x00007fff5a9614e8:   00007f915a1239f8 0000000192f27be8
0x00007fff5a9614f8:   00007fff5a9615b0 00007fff5a961578
0x00007fff5a961508:   0000000106dab9d4 0000000192f27be8
0x00007fff5a961518:   00007fff5a9615b0 00007fff5a961578
0x00007fff5a961528:   0000000106dab767 0000000106dab722
0x00007fff5a961538:   00007fff5a961538 0000000192f27be8
0x00007fff5a961548:   00007fff5a9615b0 0000000192f29398
0x00007fff5a961558:   0000000000000000 0000000192f27be8
0x00007fff5a961568:   0000000000000000 00007fff5a961598
0x00007fff5a961578:   00007fff5a9615f8 0000000106d9c2bd
0x00007fff5a961588:   0000000740fc7618 0000000106da5538
0x00007fff5a961598:   00007f915e539860 00007fff5a9615f8
0x00007fff5a9615a8:   00007f9159cfbe60 0000000106da6e02
0x00007fff5a9615b8:   00007fff5a9615b8 0000000192f27db2
0x00007fff5a9615c8:   00007fff5a961620 0000000192f29398
0x00007fff5a9615d8:   0000000000000000 0000000192f27dc0
0x00007fff5a9615e8:   00007fff5a961598 00007fff5a961608
0x00007fff5a9615f8:   00007fff5a961668 0000000106d9c2bd
0x00007fff5a961608:   00007f915e539860 0000000740bcfe88
0x00007fff5a961618:   00007f9159cfbe60 0000000740bcfe88
0x00007fff5a961628:   00007fff5a961628 000000019a5d0556
0x00007fff5a961638:   00007fff5a961678 000000019a5d0610 

Instructions: (pc=0x00007fff94a304dd)
0x00007fff94a304bd:   44 00 00 48 85 ff 2e 74 62 40 f6 c7 01 2e 75 66
0x00007fff94a304cd:   49 bb f8 ff ff ff ff 7f 00 00 4c 23 1f 49 89 f2
0x00007fff94a304dd:   45 23 53 18 49 c1 e2 04 4d 03 53 10 49 3b 32 75
0x00007fff94a304ed:   04 41 ff 62 08 49 83 3a 01 76 0d 49 83 c2 10 49 

Register to memory mapping:

RAX=0x00007f915e539860 is an unknown value
RBX=0x00000001232fa450: Java_jogamp_nativewindow_macosx_OSXUtil_GetScreenRefreshRate0+0x1cf0 in /private/var/folders/2q/8fyb0cbd2fx7dmw7lw2szts40000gn/T/jogamp_0000/file_cache/jln5226669815306121794/jln2244059476132706158/libnativewindow_macosx.jnilib at 0x00000001232f3000
RCX=0x000000011f5b5780 is an unknown value
RDX=0x000000011f5b5620 is an unknown value
RSP=0x00007fff5a961448 is pointing into the stack for thread: 0x00007f915a123800
RBP=0x00007fff5a961500 is pointing into the stack for thread: 0x00007f915a123800
RSI=0x00007fff83f06cde is an unknown value
RDI=0x00007f9159cfbe60 is an unknown value
R8 =0x0000000000000000 is an unknown value
R9 =0x00000000000008b0 is an unknown value
R10=0x00007fff83f06cde is an unknown value
R11=0x0000000000000000 is an unknown value
R12=0x0000000000000000 is an unknown value
R13={method} {0x0000000192f27be8} 'UnsetJAWTRootSurfaceLayer0' '(JJ)V' in 'jogamp/nativewindow/jawt/macosx/MacOSXJAWTWindow'
R14=0x00000001232fa440: Java_jogamp_nativewindow_macosx_OSXUtil_GetScreenRefreshRate0+0x1ce0 in /private/var/folders/2q/8fyb0cbd2fx7dmw7lw2szts40000gn/T/jogamp_0000/file_cache/jln5226669815306121794/jln2244059476132706158/libnativewindow_macosx.jnilib at 0x00000001232f3000
R15=0x00007f915a123800 is a thread


Stack: [0x00007fff5a166000,0x00007fff5a966000],  sp=0x00007fff5a961448,  free space=8173k
Native frames: (J=compiled Java code, j=interpreted, Vv=VM code, C=native code)
C  [libobjc.A.dylib+0x14dd]  objc_msgSend+0x1d
j  jogamp.nativewindow.jawt.macosx.MacOSXJAWTWindow.UnsetJAWTRootSurfaceLayer0(JJ)V+0
j  jogamp.nativewindow.jawt.macosx.MacOSXJAWTWindow.access$200(JJ)V+2
j  jogamp.nativewindow.jawt.macosx.MacOSXJAWTWindow$1.run()V+38
j  com.jogamp.common.util.RunnableTask.run()V+24
v  ~StubRoutines::call_stub
V  [libjvm.dylib+0x2ec1e6]
V  [libjvm.dylib+0x323355]
V  [libjvm.dylib+0x315b23]
C  [libnativewindow_macosx.jnilib+0x5326]  Java_jogamp_nativewindow_jawt_macosx_MacOSXJAWTWindow_UnsetJAWTRootSurfaceLayer0+0x2b6
C  [Foundation+0x76fde]  __NSThreadPerformPerform+0x117
C  [CoreFoundation+0xaa881]  __CFRUNLOOP_IS_CALLING_OUT_TO_A_SOURCE0_PERFORM_FUNCTION__+0x11
C  [CoreFoundation+0x89fbc]  __CFRunLoopDoSources0+0x22c
C  [CoreFoundation+0x894df]  __CFRunLoopRun+0x39f
C  [CoreFoundation+0x88ed8]  CFRunLoopRunSpecific+0x128
C  [HIToolbox+0x30935]  RunCurrentEventLoopInMode+0xeb
C  [HIToolbox+0x30677]  ReceiveNextEventCommon+0xb8
C  [HIToolbox+0x305af]  _BlockUntilNextEventMatchingListInModeWithFilter+0x47
C  [AppKit+0x48df6]  _DPSNextEvent+0x42b
C  [AppKit+0x48226]  -[NSApplication _nextEventMatchingEventMask:untilDate:inMode:dequeue:]+0x1c6
C  [libosxapp.dylib+0x23aa]  -[NSApplicationAWT nextEventMatchingMask:untilDate:inMode:dequeue:]+0x7c
C  [AppKit+0x3cd80]  -[NSApplication run]+0x2aa
C  [libosxapp.dylib+0x214d]  +[NSApplicationAWT runAWTLoopWithApp:]+0x9c
C  [libawt_lwawt.dylib+0x4455b]  -[AWTStarter starter:]+0x389
C  [Foundation+0x76fde]  __NSThreadPerformPerform+0x117
C  [CoreFoundation+0xaa881]  __CFRUNLOOP_IS_CALLING_OUT_TO_A_SOURCE0_PERFORM_FUNCTION__+0x11
C  [CoreFoundation+0x89fbc]  __CFRunLoopDoSources0+0x22c
C  [CoreFoundation+0x894df]  __CFRunLoopRun+0x39f
C  [CoreFoundation+0x88ed8]  CFRunLoopRunSpecific+0x128
C  [java+0x6463]  CreateExecutionEnvironment+0x367
C  [java+0x21ac]  JLI_Launch+0x7a0
C  [java+0x84c0]  main+0x65
C  [java+0x1a04]  start+0x34
C  0x0000000000000007

Java frames: (J=compiled Java code, j=interpreted, Vv=VM code)
j  jogamp.nativewindow.jawt.macosx.MacOSXJAWTWindow.UnsetJAWTRootSurfaceLayer0(JJ)V+0
j  jogamp.nativewindow.jawt.macosx.MacOSXJAWTWindow.access$200(JJ)V+2
j  jogamp.nativewindow.jawt.macosx.MacOSXJAWTWindow$1.run()V+38
j  com.jogamp.common.util.RunnableTask.run()V+24
v  ~StubRoutines::call_stub

---------------  P R O C E S S  ---------------

Java Threads: ( => current thread )
  0x00007f915bdb9800 JavaThread "Thread-20" [_thread_blocked, id=13687, stack(0x00007000017e8000,0x00007000018e8000)]
  0x00007f915b24c000 JavaThread "AWT-EventQueue-1" [_thread_in_native, id=59943, stack(0x00007000018eb000,0x00007000019eb000)]
  0x00007f915b219000 JavaThread "DestroyJavaVM" [_thread_blocked, id=5891, stack(0x000070000011a000,0x000070000021a000)]
  0x00007f915a9a8000 JavaThread "AWT-EventQueue-0" [_thread_blocked, id=56835, stack(0x00007000016e5000,0x00007000017e5000)]
  0x00007f915b93b000 JavaThread "Java2D Disposer" daemon [_thread_blocked, id=53507, stack(0x000070000145c000,0x000070000155c000)]
  0x00007f915b19a800 JavaThread "Java2D Queue Flusher" daemon [_thread_in_native, id=50439, stack(0x0000700001359000,0x0000700001459000)]
  0x00007f915b090000 JavaThread "AWT-Shutdown" [_thread_blocked, id=30227, stack(0x00007000011d3000,0x00007000012d3000)]
=>0x00007f915a123800 JavaThread "AWT-AppKit" daemon [_thread_in_native, id=2571, stack(0x00007fff5a166000,0x00007fff5a966000)]
  0x00007f915b05b800 JavaThread "Service Thread" daemon [_thread_blocked, id=18435, stack(0x0000700000dc1000,0x0000700000ec1000)]
  0x00007f915a014000 JavaThread "C1 CompilerThread2" daemon [_thread_in_native, id=17923, stack(0x0000700000cbe000,0x0000700000dbe000)]
  0x00007f915b04d800 JavaThread "C2 CompilerThread1" daemon [_thread_blocked, id=17411, stack(0x0000700000bbb000,0x0000700000cbb000)]
  0x00007f915b04c000 JavaThread "C2 CompilerThread0" daemon [_thread_blocked, id=16899, stack(0x0000700000ab8000,0x0000700000bb8000)]
  0x00007f915b051000 JavaThread "Signal Dispatcher" daemon [_thread_blocked, id=12815, stack(0x00007000009b5000,0x0000700000ab5000)]
  0x00007f915b80c000 JavaThread "Finalizer" daemon [_thread_blocked, id=12291, stack(0x000070000082f000,0x000070000092f000)]
  0x00007f915b032800 JavaThread "Reference Handler" daemon [_thread_blocked, id=11779, stack(0x000070000072c000,0x000070000082c000)]

Other Threads:
  0x00007f915b80b000 VMThread [stack: 0x0000700000629000,0x0000700000729000] [id=11267]
  0x00007f915a817800 WatcherThread [stack: 0x0000700000ec4000,0x0000700000fc4000] [id=18947]

VM state:not at safepoint (normal execution)

VM Mutex/Monitor currently owned by a thread: None

Heap:
 PSYoungGen      total 142848K, used 11057K [0x0000000795580000, 0x00000007a2180000, 0x00000007c0000000)
  eden space 140800K, 6% used [0x0000000795580000,0x0000000795e7c3e0,0x000000079df00000)
  from space 2048K, 90% used [0x00000007a0500000,0x00000007a06d0060,0x00000007a0700000)
  to   space 15360K, 0% used [0x00000007a1280000,0x00000007a1280000,0x00000007a2180000)
 ParOldGen       total 66560K, used 27167K [0x0000000740000000, 0x0000000744100000, 0x0000000795580000)
  object space 66560K, 40% used [0x0000000740000000,0x0000000741a87e98,0x0000000744100000)
 Metaspace       used 27798K, capacity 28027K, committed 28416K, reserved 1075200K
  class space    used 2206K, capacity 2281K, committed 2304K, reserved 1048576K

Card table byte_map: [0x0000000116154000,0x0000000116555000] byte_map_base: 0x0000000112754000

Marking Bits: (ParMarkBitMap*) 0x00000001066e6eb0
 Begin Bits: [0x0000000116800000, 0x0000000118800000)
 End Bits:   [0x0000000118800000, 0x000000011a800000)

Polling page: 0x0000000105571000

CodeCache: size=245760Kb used=10919Kb max_used=11615Kb free=234840Kb
 bounds [0x0000000106d94000, 0x0000000107914000, 0x0000000115d94000]
 total_blobs=3703 nmethods=2802 adapters=814
 compilation: enabled

Compilation events (10 events):
Event: 134.732 Thread 0x00007f915b04c000 nmethod 3192 0x00000001071a1a10 code [0x00000001071a1b80, 0x00000001071a2238]
Event: 135.122 Thread 0x00007f915a014000 3193       1       java.awt.AWTEvent::isConsumed (5 bytes)
Event: 135.123 Thread 0x00007f915a014000 nmethod 3193 0x0000000107671710 code [0x0000000107671860, 0x0000000107671970]
Event: 135.123 Thread 0x00007f915b04d800 3194       4       sun.java2d.SurfaceData::pixelFor (13 bytes)
Event: 135.124 Thread 0x00007f915b04d800 nmethod 3194 0x0000000107671350 code [0x00000001076714a0, 0x0000000107671598]
Event: 135.154 Thread 0x00007f915a014000 3195   !   3       java.awt.KeyboardFocusManager::getGlobalFocusOwner (20 bytes)
Event: 135.154 Thread 0x00007f915a014000 nmethod 3195 0x00000001073f4e50 code [0x00000001073f5000, 0x00000001073f5488]
Event: 135.172 Thread 0x00007f915b04c000 3196       4       java.beans.WeakIdentityMap$Entry::isMatched (22 bytes)
Event: 135.174 Thread 0x00007f915b04c000 nmethod 3196 0x0000000107671090 code [0x00000001076711e0, 0x0000000107671298]
Event: 135.185 Thread 0x00007f915a014000 3197       3       java.awt.Component::dispatchEventImpl (883 bytes)

GC Heap History (10 events):
Event: 36.360 GC heap before
{Heap before GC invocations=8 (full 1):
 PSYoungGen      total 116224K, used 105672K [0x0000000795580000, 0x000000079de80000, 0x00000007c0000000)
  eden space 100352K, 100% used [0x0000000795580000,0x000000079b780000,0x000000079b780000)
  from space 15872K, 33% used [0x000000079c700000,0x000000079cc320f0,0x000000079d680000)
  to   space 15872K, 0% used [0x000000079b780000,0x000000079b780000,0x000000079c700000)
 ParOldGen       total 66560K, used 23353K [0x0000000740000000, 0x0000000744100000, 0x0000000795580000)
  object space 66560K, 35% used [0x0000000740000000,0x00000007416ce668,0x0000000744100000)
 Metaspace       used 27737K, capacity 27963K, committed 28160K, reserved 1075200K
  class space    used 2198K, capacity 2281K, committed 2304K, reserved 1048576K
Event: 36.387 GC heap after
Heap after GC invocations=8 (full 1):
 PSYoungGen      total 116224K, used 5288K [0x0000000795580000, 0x00000007a0e80000, 0x00000007c0000000)
  eden space 100352K, 0% used [0x0000000795580000,0x0000000795580000,0x000000079b780000)
  from space 15872K, 33% used [0x000000079b780000,0x000000079bcaa0f0,0x000000079c700000)
  to   space 15360K, 0% used [0x000000079ff80000,0x000000079ff80000,0x00000007a0e80000)
 ParOldGen       total 66560K, used 23353K [0x0000000740000000, 0x0000000744100000, 0x0000000795580000)
  object space 66560K, 35% used [0x0000000740000000,0x00000007416ce668,0x0000000744100000)
 Metaspace       used 27737K, capacity 27963K, committed 28160K, reserved 1075200K
  class space    used 2198K, capacity 2281K, committed 2304K, reserved 1048576K
}
Event: 54.284 GC heap before
{Heap before GC invocations=9 (full 1):
 PSYoungGen      total 116224K, used 105640K [0x0000000795580000, 0x00000007a0e80000, 0x00000007c0000000)
  eden space 100352K, 100% used [0x0000000795580000,0x000000079b780000,0x000000079b780000)
  from space 15872K, 33% used [0x000000079b780000,0x000000079bcaa0f0,0x000000079c700000)
  to   space 15360K, 0% used [0x000000079ff80000,0x000000079ff80000,0x00000007a0e80000)
 ParOldGen       total 66560K, used 23353K [0x0000000740000000, 0x0000000744100000, 0x0000000795580000)
  object space 66560K, 35% used [0x0000000740000000,0x00000007416ce668,0x0000000744100000)
 Metaspace       used 27737K, capacity 27963K, committed 28160K, reserved 1075200K
  class space    used 2198K, capacity 2281K, committed 2304K, reserved 1048576K
Event: 54.288 GC heap after
Heap after GC invocations=9 (full 1):
 PSYoungGen      total 160768K, used 4064K [0x0000000795580000, 0x00000007a0800000, 0x00000007c0000000)
  eden space 152064K, 0% used [0x0000000795580000,0x0000000795580000,0x000000079ea00000)
  from space 8704K, 46% used [0x000000079ff80000,0x00000007a0378090,0x00000007a0800000)
  to   space 15360K, 0% used [0x000000079ea00000,0x000000079ea00000,0x000000079f900000)
 ParOldGen       total 66560K, used 24605K [0x0000000740000000, 0x0000000744100000, 0x0000000795580000)
  object space 66560K, 36% used [0x0000000740000000,0x00000007418075c8,0x0000000744100000)
 Metaspace       used 27737K, capacity 27963K, committed 28160K, reserved 1075200K
  class space    used 2198K, capacity 2281K, committed 2304K, reserved 1048576K
}
Event: 81.599 GC heap before
{Heap before GC invocations=10 (full 1):
 PSYoungGen      total 160768K, used 156128K [0x0000000795580000, 0x00000007a0800000, 0x00000007c0000000)
  eden space 152064K, 100% used [0x0000000795580000,0x000000079ea00000,0x000000079ea00000)
  from space 8704K, 46% used [0x000000079ff80000,0x00000007a0378090,0x00000007a0800000)
  to   space 15360K, 0% used [0x000000079ea00000,0x000000079ea00000,0x000000079f900000)
 ParOldGen       total 66560K, used 24605K [0x0000000740000000, 0x0000000744100000, 0x0000000795580000)
  object space 66560K, 36% used [0x0000000740000000,0x00000007418075c8,0x0000000744100000)
 Metaspace       used 27737K, capacity 27963K, committed 28160K, reserved 1075200K
  class space    used 2198K, capacity 2281K, committed 2304K, reserved 1048576K
Event: 81.610 GC heap after
Heap after GC invocations=10 (full 1):
 PSYoungGen      total 167424K, used 1824K [0x0000000795580000, 0x00000007a3000000, 0x00000007c0000000)
  eden space 152064K, 0% used [0x0000000795580000,0x0000000795580000,0x000000079ea00000)
  from space 15360K, 11% used [0x000000079ea00000,0x000000079ebc8060,0x000000079f900000)
  to   space 15360K, 0% used [0x00000007a2100000,0x00000007a2100000,0x00000007a3000000)
 ParOldGen       total 66560K, used 27159K [0x0000000740000000, 0x0000000744100000, 0x0000000795580000)
  object space 66560K, 40% used [0x0000000740000000,0x0000000741a85e98,0x0000000744100000)
 Metaspace       used 27737K, capacity 27963K, committed 28160K, reserved 1075200K
  class space    used 2198K, capacity 2281K, committed 2304K, reserved 1048576K
}
Event: 108.142 GC heap before
{Heap before GC invocations=11 (full 1):
 PSYoungGen      total 167424K, used 153888K [0x0000000795580000, 0x00000007a3000000, 0x00000007c0000000)
  eden space 152064K, 100% used [0x0000000795580000,0x000000079ea00000,0x000000079ea00000)
  from space 15360K, 11% used [0x000000079ea00000,0x000000079ebc8060,0x000000079f900000)
  to   space 15360K, 0% used [0x00000007a2100000,0x00000007a2100000,0x00000007a3000000)
 ParOldGen       total 66560K, used 27159K [0x0000000740000000, 0x0000000744100000, 0x0000000795580000)
  object space 66560K, 40% used [0x0000000740000000,0x0000000741a85e98,0x0000000744100000)
 Metaspace       used 27738K, capacity 27963K, committed 28160K, reserved 1075200K
  class space    used 2199K, capacity 2281K, committed 2304K, reserved 1048576K
Event: 108.144 GC heap after
Heap after GC invocations=11 (full 1):
 PSYoungGen      total 148480K, used 1856K [0x0000000795580000, 0x00000007a2300000, 0x00000007c0000000)
  eden space 146432K, 0% used [0x0000000795580000,0x0000000795580000,0x000000079e480000)
  from space 2048K, 90% used [0x00000007a2100000,0x00000007a22d0060,0x00000007a2300000)
  to   space 15360K, 0% used [0x00000007a0500000,0x00000007a0500000,0x00000007a1400000)
 ParOldGen       total 66560K, used 27167K [0x0000000740000000, 0x0000000744100000, 0x0000000795580000)
  object space 66560K, 40% used [0x0000000740000000,0x0000000741a87e98,0x0000000744100000)
 Metaspace       used 27738K, capacity 27963K, committed 28160K, reserved 1075200K
  class space    used 2199K, capacity 2281K, committed 2304K, reserved 1048576K
}
Event: 134.282 GC heap before
{Heap before GC invocations=12 (full 1):
 PSYoungGen      total 148480K, used 148288K [0x0000000795580000, 0x00000007a2300000, 0x00000007c0000000)
  eden space 146432K, 100% used [0x0000000795580000,0x000000079e480000,0x000000079e480000)
  from space 2048K, 90% used [0x00000007a2100000,0x00000007a22d0060,0x00000007a2300000)
  to   space 15360K, 0% used [0x00000007a0500000,0x00000007a0500000,0x00000007a1400000)
 ParOldGen       total 66560K, used 27167K [0x0000000740000000, 0x0000000744100000, 0x0000000795580000)
  object space 66560K, 40% used [0x0000000740000000,0x0000000741a87e98,0x0000000744100000)
 Metaspace       used 27744K, capacity 27963K, committed 28160K, reserved 1075200K
  class space    used 2199K, capacity 2281K, committed 2304K, reserved 1048576K
Event: 134.284 GC heap after
Heap after GC invocations=12 (full 1):
 PSYoungGen      total 142848K, used 1856K [0x0000000795580000, 0x00000007a2180000, 0x00000007c0000000)
  eden space 140800K, 0% used [0x0000000795580000,0x0000000795580000,0x000000079df00000)
  from space 2048K, 90% used [0x00000007a0500000,0x00000007a06d0060,0x00000007a0700000)
  to   space 15360K, 0% used [0x00000007a1280000,0x00000007a1280000,0x00000007a2180000)
 ParOldGen       total 66560K, used 27167K [0x0000000740000000, 0x0000000744100000, 0x0000000795580000)
  object space 66560K, 40% used [0x0000000740000000,0x0000000741a87e98,0x0000000744100000)
 Metaspace       used 27744K, capacity 27963K, committed 28160K, reserved 1075200K
  class space    used 2199K, capacity 2281K, committed 2304K, reserved 1048576K
}

Deoptimization events (10 events):
Event: 135.170 Thread 0x00007f915a903800 Uncommon trap: reason=class_check action=maybe_recompile pc=0x000000010721b87c method=java.util.HashMap.putVal(ILjava/lang/Object;Ljava/lang/Object;ZZ)Ljava/lang/Object; @ 91
Event: 135.170 Thread 0x00007f915a903800 Uncommon trap: reason=class_check action=maybe_recompile pc=0x000000010721ab28 method=java.util.HashMap.putVal(ILjava/lang/Object;Ljava/lang/Object;ZZ)Ljava/lang/Object; @ 91
Event: 135.171 Thread 0x00007f915a9a8000 Uncommon trap: reason=class_check action=maybe_recompile pc=0x000000010724cfc0 method=java.awt.event.InvocationEvent.dispatch()V @ 47
Event: 135.172 Thread 0x00007f915a9a8000 Uncommon trap: reason=class_check action=maybe_recompile pc=0x0000000107539c00 method=java.awt.Component.getGraphics()Ljava/awt/Graphics; @ 114
Event: 135.172 Thread 0x00007f915a9a8000 Uncommon trap: reason=unstable_if action=reinterpret pc=0x0000000106eb0790 method=sun.java2d.pipe.Region.getIntersection(Lsun/java2d/pipe/Region;)Lsun/java2d/pipe/Region; @ 15
Event: 135.174 Thread 0x00007f915a123800 Uncommon trap: reason=class_check action=maybe_recompile pc=0x00000001073721c0 method=com.jogamp.common.util.RunnableTask.run()V @ 24
Event: 135.177 Thread 0x00007f915b24c000 Uncommon trap: reason=unstable_if action=reinterpret pc=0x00000001072b3258 method=jogamp.opengl.GLContextImpl.release(Z)V @ 161
Event: 135.184 Thread 0x00007f915b24c000 Uncommon trap: reason=unstable_if action=reinterpret pc=0x00000001072e6818 method=java.util.LinkedList$ListItr.<init>(Ljava/util/LinkedList;I)V @ 26
Event: 135.185 Thread 0x00007f915b24c000 Uncommon trap: reason=unstable_if action=reinterpret pc=0x00000001076c5fdc method=java.security.AccessControlContext.combine([Ljava/security/ProtectionDomain;[Ljava/security/ProtectionDomain;)[Ljava/security/ProtectionDomain; @ 151
Event: 135.189 Thread 0x00007f915a123800 Uncommon trap: reason=class_check action=maybe_recompile pc=0x00000001073721c0 method=com.jogamp.common.util.RunnableTask.run()V @ 24

Internal exceptions (10 events):
Event: 0.190 Thread 0x00007f915a804800 Exception <a 'java/lang/NoSuchFieldError': method resolution failed> (0x00000007957f94b8) thrown at [/Users/java_re/workspace/8-2-build-macosx-x86_64/jdk8u91/6644/hotspot/src/share/vm/prims/methodHandles.cpp, line 1146]
Event: 0.406 Thread 0x00007f915a804800 Exception <a 'java/io/FileNotFoundException'> (0x0000000795875218) thrown at [/Users/java_re/workspace/8-2-build-macosx-x86_64/jdk8u91/6644/hotspot/src/share/vm/prims/jni.cpp, line 709]
Event: 0.406 Thread 0x00007f915a804800 Exception <a 'java/io/FileNotFoundException'> (0x0000000795875d78) thrown at [/Users/java_re/workspace/8-2-build-macosx-x86_64/jdk8u91/6644/hotspot/src/share/vm/prims/jni.cpp, line 709]
Event: 0.505 Thread 0x00007f915a804800 Exception <a 'java/io/FileNotFoundException'> (0x00000007959c3ae0) thrown at [/Users/java_re/workspace/8-2-build-macosx-x86_64/jdk8u91/6644/hotspot/src/share/vm/prims/jni.cpp, line 709]
Event: 2.011 Thread 0x00007f915bc08800 Exception <a 'java/lang/UnsatisfiedLinkError': com.jogamp.common.util.JarUtil.fixNativeLibAttribs(Ljava/lang/String;)Z> (0x0000000796cefa38) thrown at [/Users/java_re/workspace/8-2-build-macosx-x86_64/jdk8u91/6644/hotspot/src/share/vm/prims/nativeLookup.c
Event: 2.224 Thread 0x00007f915b80c000 Exception <a 'java/lang/NullPointerException'> (0x000000079579c078) thrown at [/Users/java_re/workspace/8-2-build-macosx-x86_64/jdk8u91/6644/hotspot/src/share/vm/interpreter/linkResolver.cpp, line 1178]
Event: 2.803 Thread 0x00007f915b24c000 Exception <a 'java/io/FileNotFoundException'> (0x000000079622fee0) thrown at [/Users/java_re/workspace/8-2-build-macosx-x86_64/jdk8u91/6644/hotspot/src/share/vm/prims/jni.cpp, line 709]
Event: 2.804 Thread 0x00007f915b24c000 Exception <a 'java/io/FileNotFoundException'> (0x00000007962375d8) thrown at [/Users/java_re/workspace/8-2-build-macosx-x86_64/jdk8u91/6644/hotspot/src/share/vm/prims/jni.cpp, line 709]
Event: 2.804 Thread 0x00007f915b24c000 Implicit null exception at 0x0000000106f468b5 to 0x0000000106f46c15
Event: 3.253 Thread 0x00007f915a2b9800 Implicit null exception at 0x0000000106f4afb5 to 0x0000000106f4b325

Events (10 events):
Event: 135.185 loading class java/awt/event/AWTEventListenerProxy
Event: 135.185 loading class java/awt/event/AWTEventListenerProxy done
Event: 135.185 loading class java/awt/Toolkit$ToolkitEventMulticaster
Event: 135.186 loading class java/awt/Toolkit$ToolkitEventMulticaster done
Event: 135.188 Thread 0x00007f915a903800 Thread exited: 0x00007f915a903800
Event: 135.189 Thread 0x00007f915a123800 Uncommon trap: trap_request=0xffffffde fr.pc=0x00000001073721c0
Event: 135.189 Thread 0x00007f915a123800 DEOPT PACKING pc=0x00000001073721c0 sp=0x00007fff5a9616c0
Event: 135.189 Thread 0x00007f915a123800 DEOPT UNPACKING pc=0x0000000106d99229 sp=0x00007fff5a961668 mode 2
Event: 135.189 loading class java/awt/Window$1DisposeAction
Event: 135.189 loading class java/awt/Window$1DisposeAction done


Dynamic libraries:
0x000000000013d000 	/System/Library/Frameworks/Cocoa.framework/Versions/A/Cocoa
0x000000000013d000 	/System/Library/Frameworks/Security.framework/Versions/A/Security
0x000000000013d000 	/System/Library/Frameworks/ApplicationServices.framework/Versions/A/ApplicationServices
0x000000000013d000 	/usr/lib/libz.1.dylib
0x000000000013d000 	/usr/lib/libSystem.B.dylib
0x000000000013d000 	/usr/lib/libobjc.A.dylib
0x000000000013d000 	/System/Library/Frameworks/CoreFoundation.framework/Versions/A/CoreFoundation
0x000000000013d000 	/System/Library/Frameworks/Foundation.framework/Versions/C/Foundation
0x000000000013d000 	/System/Library/Frameworks/AppKit.framework/Versions/C/AppKit
0x000000000013d000 	/System/Library/Frameworks/CoreData.framework/Versions/A/CoreData
0x000000000013d000 	/System/Library/PrivateFrameworks/RemoteViewServices.framework/Versions/A/RemoteViewServices
0x000000000013d000 	/System/Library/PrivateFrameworks/UIFoundation.framework/Versions/A/UIFoundation
0x000000000013d000 	/usr/lib/libScreenReader.dylib
0x000000000013d000 	/System/Library/Frameworks/Accelerate.framework/Versions/A/Accelerate
0x000000000013d000 	/System/Library/Frameworks/IOSurface.framework/Versions/A/IOSurface
0x000000000013d000 	/System/Library/Frameworks/AudioToolbox.framework/Versions/A/AudioToolbox
0x000000000013d000 	/System/Library/Frameworks/AudioUnit.framework/Versions/A/AudioUnit
0x000000000013d000 	/System/Library/PrivateFrameworks/DataDetectorsCore.framework/Versions/A/DataDetectorsCore
0x000000000013d000 	/System/Library/PrivateFrameworks/DesktopServicesPriv.framework/Versions/A/DesktopServicesPriv
0x000000000013d000 	/System/Library/Frameworks/Carbon.framework/Versions/A/Frameworks/HIToolbox.framework/Versions/A/HIToolbox
0x000000000013d000 	/System/Library/Frameworks/QuartzCore.framework/Versions/A/QuartzCore
0x000000000013d000 	/System/Library/Frameworks/Carbon.framework/Versions/A/Frameworks/SpeechRecognition.framework/Versions/A/SpeechRecognition
0x000000000013d000 	/usr/lib/libauto.dylib
0x000000000013d000 	/usr/lib/libicucore.A.dylib
0x000000000013d000 	/usr/lib/libxml2.2.dylib
0x000000000013d000 	/System/Library/PrivateFrameworks/CoreUI.framework/Versions/A/CoreUI
0x000000000013d000 	/System/Library/Frameworks/CoreAudio.framework/Versions/A/CoreAudio
0x000000000013d000 	/System/Library/Frameworks/DiskArbitration.framework/Versions/A/DiskArbitration
0x000000000013d000 	/usr/lib/liblangid.dylib
0x000000000013d000 	/System/Library/PrivateFrameworks/MultitouchSupport.framework/Versions/A/MultitouchSupport
0x000000000013d000 	/System/Library/Frameworks/IOKit.framework/Versions/A/IOKit
0x000000000013d000 	/usr/lib/libDiagnosticMessagesClient.dylib
0x000000000013d000 	/System/Library/Frameworks/CoreServices.framework/Versions/A/CoreServices
0x000000000013d000 	/System/Library/PrivateFrameworks/PerformanceAnalysis.framework/Versions/A/PerformanceAnalysis
0x000000000013d000 	/System/Library/PrivateFrameworks/GenerationalStorage.framework/Versions/A/GenerationalStorage
0x000000000013d000 	/System/Library/Frameworks/OpenGL.framework/Versions/A/OpenGL
0x000000000013d000 	/System/Library/PrivateFrameworks/Sharing.framework/Versions/A/Sharing
0x000000000013d000 	/System/Library/Frameworks/CoreGraphics.framework/Versions/A/CoreGraphics
0x000000000013d000 	/System/Library/Frameworks/CoreImage.framework/Versions/A/CoreImage
0x000000000013d000 	/System/Library/Frameworks/CoreText.framework/Versions/A/CoreText
0x000000000013d000 	/System/Library/Frameworks/ImageIO.framework/Versions/A/ImageIO
0x000000000013d000 	/System/Library/PrivateFrameworks/Backup.framework/Versions/A/Backup
0x000000000013d000 	/usr/lib/libextension.dylib
0x000000000013d000 	/usr/lib/libarchive.2.dylib
0x000000000013d000 	/System/Library/Frameworks/CFNetwork.framework/Versions/A/CFNetwork
0x000000000013d000 	/System/Library/Frameworks/SystemConfiguration.framework/Versions/A/SystemConfiguration
0x000000000013d000 	/usr/lib/libCRFSuite.dylib
0x000000000013d000 	/usr/lib/libc++.1.dylib
0x000000000013d000 	/usr/lib/libc++abi.dylib
0x000000000013d000 	/usr/lib/system/libcache.dylib
0x000000000013d000 	/usr/lib/system/libcommonCrypto.dylib
0x000000000013d000 	/usr/lib/system/libcompiler_rt.dylib
0x000000000013d000 	/usr/lib/system/libcopyfile.dylib
0x000000000013d000 	/usr/lib/system/libcorecrypto.dylib
0x000000000013d000 	/usr/lib/system/libdispatch.dylib
0x000000000013d000 	/usr/lib/system/libdyld.dylib
0x000000000013d000 	/usr/lib/system/libkeymgr.dylib
0x000000000013d000 	/usr/lib/system/liblaunch.dylib
0x000000000013d000 	/usr/lib/system/libmacho.dylib
0x000000000013d000 	/usr/lib/system/libquarantine.dylib
0x000000000013d000 	/usr/lib/system/libremovefile.dylib
0x000000000013d000 	/usr/lib/system/libsystem_asl.dylib
0x000000000013d000 	/usr/lib/system/libsystem_blocks.dylib
0x000000000013d000 	/usr/lib/system/libsystem_c.dylib
0x000000000013d000 	/usr/lib/system/libsystem_configuration.dylib
0x000000000013d000 	/usr/lib/system/libsystem_coreservices.dylib
0x000000000013d000 	/usr/lib/system/libsystem_coretls.dylib
0x000000000013d000 	/usr/lib/system/libsystem_dnssd.dylib
0x000000000013d000 	/usr/lib/system/libsystem_info.dylib
0x000000000013d000 	/usr/lib/system/libsystem_kernel.dylib
0x000000000013d000 	/usr/lib/system/libsystem_m.dylib
0x000000000013d000 	/usr/lib/system/libsystem_malloc.dylib
0x000000000013d000 	/usr/lib/system/libsystem_network.dylib
0x000000000013d000 	/usr/lib/system/libsystem_networkextension.dylib
0x000000000013d000 	/usr/lib/system/libsystem_notify.dylib
0x000000000013d000 	/usr/lib/system/libsystem_platform.dylib
0x000000000013d000 	/usr/lib/system/libsystem_pthread.dylib
0x000000000013d000 	/usr/lib/system/libsystem_sandbox.dylib
0x000000000013d000 	/usr/lib/system/libsystem_secinit.dylib
0x000000000013d000 	/usr/lib/system/libsystem_trace.dylib
0x000000000013d000 	/usr/lib/system/libunc.dylib
0x000000000013d000 	/usr/lib/system/libunwind.dylib
0x000000000013d000 	/usr/lib/system/libxpc.dylib
0x000000000013d000 	/usr/lib/libenergytrace.dylib
0x000000000013d000 	/usr/lib/libbsm.0.dylib
0x000000000013d000 	/usr/lib/system/libkxld.dylib
0x000000000013d000 	/usr/lib/libxar.1.dylib
0x000000000013d000 	/usr/lib/libsqlite3.dylib
0x000000000013d000 	/usr/lib/libpam.2.dylib
0x000000000013d000 	/usr/lib/libOpenScriptingUtil.dylib
0x000000000013d000 	/usr/lib/libbz2.1.0.dylib
0x000000000013d000 	/usr/lib/liblzma.5.dylib
0x000000000013d000 	/System/Library/Frameworks/CoreServices.framework/Versions/A/Frameworks/FSEvents.framework/Versions/A/FSEvents
0x000000000013d000 	/System/Library/Frameworks/CoreServices.framework/Versions/A/Frameworks/CarbonCore.framework/Versions/A/CarbonCore
0x000000000013d000 	/System/Library/Frameworks/CoreServices.framework/Versions/A/Frameworks/Metadata.framework/Versions/A/Metadata
0x000000000013d000 	/System/Library/Frameworks/CoreServices.framework/Versions/A/Frameworks/OSServices.framework/Versions/A/OSServices
0x000000000013d000 	/System/Library/Frameworks/CoreServices.framework/Versions/A/Frameworks/SearchKit.framework/Versions/A/SearchKit
0x000000000013d000 	/System/Library/Frameworks/CoreServices.framework/Versions/A/Frameworks/AE.framework/Versions/A/AE
0x000000000013d000 	/System/Library/Frameworks/CoreServices.framework/Versions/A/Frameworks/LaunchServices.framework/Versions/A/LaunchServices
0x000000000013d000 	/System/Library/Frameworks/CoreServices.framework/Versions/A/Frameworks/DictionaryServices.framework/Versions/A/DictionaryServices
0x000000000013d000 	/System/Library/Frameworks/CoreServices.framework/Versions/A/Frameworks/SharedFileList.framework/Versions/A/SharedFileList
0x000000000013d000 	/System/Library/Frameworks/NetFS.framework/Versions/A/NetFS
0x000000000013d000 	/System/Library/PrivateFrameworks/NetAuth.framework/Versions/A/NetAuth
0x000000000013d000 	/System/Library/PrivateFrameworks/login.framework/Versions/A/Frameworks/loginsupport.framework/Versions/A/loginsupport
0x000000000013d000 	/System/Library/PrivateFrameworks/TCC.framework/Versions/A/TCC
0x000000000013d000 	/usr/lib/libmecabra.dylib
0x000000000013d000 	/System/Library/Frameworks/ApplicationServices.framework/Versions/A/Frameworks/ATS.framework/Versions/A/ATS
0x000000000013d000 	/System/Library/Frameworks/ApplicationServices.framework/Versions/A/Frameworks/ColorSync.framework/Versions/A/ColorSync
0x000000000013d000 	/System/Library/Frameworks/ApplicationServices.framework/Versions/A/Frameworks/HIServices.framework/Versions/A/HIServices
0x000000000013d000 	/System/Library/Frameworks/ApplicationServices.framework/Versions/A/Frameworks/LangAnalysis.framework/Versions/A/LangAnalysis
0x000000000013d000 	/System/Library/Frameworks/ApplicationServices.framework/Versions/A/Frameworks/PrintCore.framework/Versions/A/PrintCore
0x000000000013d000 	/System/Library/Frameworks/ApplicationServices.framework/Versions/A/Frameworks/QD.framework/Versions/A/QD
0x000000000013d000 	/System/Library/Frameworks/ApplicationServices.framework/Versions/A/Frameworks/SpeechSynthesis.framework/Versions/A/SpeechSynthesis
0x000000000013d000 	/System/Library/Frameworks/Metal.framework/Versions/A/Metal
0x000000000013d000 	/System/Library/Frameworks/Accelerate.framework/Versions/A/Frameworks/vImage.framework/Versions/A/vImage
0x000000000013d000 	/System/Library/Frameworks/Accelerate.framework/Versions/A/Frameworks/vecLib.framework/Versions/A/vecLib
0x000000000013d000 	/System/Library/Frameworks/Accelerate.framework/Versions/A/Frameworks/vecLib.framework/Versions/A/libvDSP.dylib
0x000000000013d000 	/System/Library/Frameworks/Accelerate.framework/Versions/A/Frameworks/vecLib.framework/Versions/A/libvMisc.dylib
0x000000000013d000 	/System/Library/Frameworks/Accelerate.framework/Versions/A/Frameworks/vecLib.framework/Versions/A/libLAPACK.dylib
0x000000000013d000 	/System/Library/Frameworks/Accelerate.framework/Versions/A/Frameworks/vecLib.framework/Versions/A/libBLAS.dylib
0x000000000013d000 	/System/Library/Frameworks/Accelerate.framework/Versions/A/Frameworks/vecLib.framework/Versions/A/libLinearAlgebra.dylib
0x000000000013d000 	/System/Library/Frameworks/Accelerate.framework/Versions/A/Frameworks/vecLib.framework/Versions/A/libSparseBLAS.dylib
0x000000000013d000 	/System/Library/PrivateFrameworks/GPUCompiler.framework/libmetal_timestamp.dylib
0x000000000013d000 	/System/Library/Frameworks/OpenGL.framework/Versions/A/Libraries/libCoreFSCache.dylib
0x000000000013d000 	/System/Library/PrivateFrameworks/IOAccelerator.framework/Versions/A/IOAccelerator
0x000000000013d000 	/System/Library/Frameworks/ApplicationServices.framework/Versions/A/Frameworks/ATS.framework/Versions/A/Resources/libFontParser.dylib
0x000000000013d000 	/System/Library/Frameworks/ApplicationServices.framework/Versions/A/Frameworks/ATS.framework/Versions/A/Resources/libFontRegistry.dylib
0x000000000013d000 	/System/Library/PrivateFrameworks/AppleVPA.framework/Versions/A/AppleVPA
0x000000000013d000 	/System/Library/PrivateFrameworks/AppleJPEG.framework/Versions/A/AppleJPEG
0x000000000013d000 	/System/Library/Frameworks/ImageIO.framework/Versions/A/Resources/libJPEG.dylib
0x000000000013d000 	/System/Library/Frameworks/ImageIO.framework/Versions/A/Resources/libTIFF.dylib
0x000000000013d000 	/System/Library/Frameworks/ImageIO.framework/Versions/A/Resources/libPng.dylib
0x000000000013d000 	/System/Library/Frameworks/ImageIO.framework/Versions/A/Resources/libGIF.dylib
0x000000000013d000 	/System/Library/Frameworks/ImageIO.framework/Versions/A/Resources/libJP2.dylib
0x000000000013d000 	/System/Library/Frameworks/ImageIO.framework/Versions/A/Resources/libRadiance.dylib
0x000000000013d000 	/System/Library/Frameworks/CoreVideo.framework/Versions/A/CoreVideo
0x000000000013d000 	/System/Library/Frameworks/OpenGL.framework/Versions/A/Libraries/libGLU.dylib
0x000000000013d000 	/System/Library/Frameworks/OpenGL.framework/Versions/A/Libraries/libGFXShared.dylib
0x000000000013d000 	/System/Library/Frameworks/OpenGL.framework/Versions/A/Libraries/libGL.dylib
0x000000000013d000 	/System/Library/Frameworks/OpenGL.framework/Versions/A/Libraries/libGLImage.dylib
0x000000000013d000 	/System/Library/Frameworks/OpenGL.framework/Versions/A/Libraries/libCVMSPluginSupport.dylib
0x000000000013d000 	/System/Library/Frameworks/OpenGL.framework/Versions/A/Libraries/libCoreVMClient.dylib
0x000000000013d000 	/usr/lib/libcompression.dylib
0x000000000013d000 	/usr/lib/libcups.2.dylib
0x000000000013d000 	/System/Library/Frameworks/Kerberos.framework/Versions/A/Kerberos
0x000000000013d000 	/System/Library/Frameworks/GSS.framework/Versions/A/GSS
0x000000000013d000 	/usr/lib/libresolv.9.dylib
0x000000000013d000 	/usr/lib/libiconv.2.dylib
0x000000000013d000 	/System/Library/PrivateFrameworks/Heimdal.framework/Versions/A/Heimdal
0x000000000013d000 	/usr/lib/libheimdal-asn1.dylib
0x000000000013d000 	/System/Library/Frameworks/OpenDirectory.framework/Versions/A/OpenDirectory
0x000000000013d000 	/System/Library/PrivateFrameworks/CommonAuth.framework/Versions/A/CommonAuth
0x000000000013d000 	/System/Library/Frameworks/OpenDirectory.framework/Versions/A/Frameworks/CFOpenDirectory.framework/Versions/A/CFOpenDirectory
0x000000000013d000 	/System/Library/Frameworks/SecurityFoundation.framework/Versions/A/SecurityFoundation
0x000000000013d000 	/System/Library/PrivateFrameworks/LanguageModeling.framework/Versions/A/LanguageModeling
0x000000000013d000 	/usr/lib/libmarisa.dylib
0x000000000013d000 	/usr/lib/libChineseTokenizer.dylib
0x000000000013d000 	/usr/lib/libcmph.dylib
0x000000000013d000 	/System/Library/Frameworks/ServiceManagement.framework/Versions/A/ServiceManagement
0x000000000013d000 	/usr/lib/libxslt.1.dylib
0x000000000013d000 	/System/Library/Frameworks/Carbon.framework/Versions/A/Frameworks/Ink.framework/Versions/A/Ink
0x000000000013d000 	/usr/lib/libFosl_dynamic.dylib
0x000000000013d000 	/System/Library/PrivateFrameworks/FaceCore.framework/Versions/A/FaceCore
0x000000000013d000 	/System/Library/Frameworks/OpenCL.framework/Versions/A/OpenCL
0x000000000013d000 	/System/Library/PrivateFrameworks/CrashReporterSupport.framework/Versions/A/CrashReporterSupport
0x000000000013d000 	/System/Library/PrivateFrameworks/IconServices.framework/Versions/A/IconServices
0x000000000013d000 	/System/Library/PrivateFrameworks/Apple80211.framework/Versions/A/Apple80211
0x000000000013d000 	/System/Library/Frameworks/CoreWLAN.framework/Versions/A/CoreWLAN
0x000000000013d000 	/System/Library/Frameworks/IOBluetooth.framework/Versions/A/IOBluetooth
0x000000000013d000 	/System/Library/PrivateFrameworks/CoreWiFi.framework/Versions/A/CoreWiFi
0x000000000013d000 	/System/Library/Frameworks/CoreBluetooth.framework/Versions/A/CoreBluetooth
0x000000000013d000 	/System/Library/PrivateFrameworks/ChunkingLibrary.framework/Versions/A/ChunkingLibrary
0x000000000013d000 	/System/Library/PrivateFrameworks/DebugSymbols.framework/Versions/A/DebugSymbols
0x000000000013d000 	/System/Library/PrivateFrameworks/CoreSymbolication.framework/Versions/A/CoreSymbolication
0x000000000013d000 	/System/Library/PrivateFrameworks/Symbolication.framework/Versions/A/Symbolication
0x000000000013d000 	/System/Library/PrivateFrameworks/SpeechRecognitionCore.framework/Versions/A/SpeechRecognitionCore
0x00000001054e6000 	/System/Library/CoreServices/Encodings/libSimplifiedChineseConverter.dylib
0x0000000105e00000 	/Library/Java/JavaVirtualMachines/jdk1.8.0_91.jdk/Contents/Home/jre/lib/server/libjvm.dylib
0x000000000013d000 	/usr/lib/libstdc++.6.dylib
0x000000010552e000 	/Library/Java/JavaVirtualMachines/jdk1.8.0_91.jdk/Contents/Home/jre/lib/libverify.dylib
0x000000010553c000 	/Library/Java/JavaVirtualMachines/jdk1.8.0_91.jdk/Contents/Home/jre/lib/libjava.dylib
0x000000010557b000 	/Library/Java/JavaVirtualMachines/jdk1.8.0_91.jdk/Contents/Home/jre/lib/libzip.dylib
0x000000011c686000 	/System/Library/Frameworks/JavaVM.framework/Frameworks/JavaRuntimeSupport.framework/JavaRuntimeSupport
0x000000011c6a1000 	/System/Library/Frameworks/JavaVM.framework/Versions/A/Frameworks/JavaNativeFoundation.framework/Versions/A/JavaNativeFoundation
0x000000011c6b6000 	/System/Library/Frameworks/JavaVM.framework/Versions/A/JavaVM
0x000000000013d000 	/System/Library/Frameworks/Carbon.framework/Versions/A/Carbon
0x000000011c6c3000 	/System/Library/PrivateFrameworks/JavaLaunching.framework/Versions/A/JavaLaunching
0x000000000013d000 	/System/Library/Frameworks/Carbon.framework/Versions/A/Frameworks/CommonPanels.framework/Versions/A/CommonPanels
0x000000000013d000 	/System/Library/Frameworks/Carbon.framework/Versions/A/Frameworks/Help.framework/Versions/A/Help
0x000000000013d000 	/System/Library/Frameworks/Carbon.framework/Versions/A/Frameworks/ImageCapture.framework/Versions/A/ImageCapture
0x000000000013d000 	/System/Library/Frameworks/Carbon.framework/Versions/A/Frameworks/OpenScripting.framework/Versions/A/OpenScripting
0x000000000013d000 	/System/Library/Frameworks/Carbon.framework/Versions/A/Frameworks/Print.framework/Versions/A/Print
0x000000000013d000 	/System/Library/Frameworks/Carbon.framework/Versions/A/Frameworks/SecurityHI.framework/Versions/A/SecurityHI
0x000000011e05d000 	/Library/Java/JavaVirtualMachines/jdk1.8.0_91.jdk/Contents/Home/jre/lib/libawt.dylib
0x000000011e105000 	/Library/Java/JavaVirtualMachines/jdk1.8.0_91.jdk/Contents/Home/jre/lib/./libmlib_image.dylib
0x000000011e1d1000 	/Library/Java/JavaVirtualMachines/jdk1.8.0_91.jdk/Contents/Home/jre/lib/libawt_lwawt.dylib
0x000000011e286000 	/Library/Java/JavaVirtualMachines/jdk1.8.0_91.jdk/Contents/Home/jre/lib/./libosxapp.dylib
0x000000000013d000 	/System/Library/Frameworks/ExceptionHandling.framework/Versions/A/ExceptionHandling
0x000000000013d000 	/System/Library/PrivateFrameworks/CoreServicesInternal.framework/Versions/A/CoreServicesInternal
0x000000000013d000 	/System/Library/Frameworks/CoreGraphics.framework/Versions/A/Resources/libRIP.A.dylib
0x000000000013d000 	/System/Library/Frameworks/Accelerate.framework/Versions/A/Frameworks/vImage.framework/Versions/A/Libraries/libCGInterfaces.dylib
0x000000000013d000 	/System/Library/Frameworks/CoreGraphics.framework/Versions/A/Resources/libCGXType.A.dylib
0x000000000013d000 	/System/Library/Frameworks/OpenCL.framework/Versions/A/Libraries/libcldcpuengine.dylib
0x000000000013d000 	/System/Library/PrivateFrameworks/DiskImages.framework/Versions/A/DiskImages
0x000000000013d000 	/System/Library/Frameworks/DiscRecording.framework/Versions/A/DiscRecording
0x000000000013d000 	/usr/lib/libcsfde.dylib
0x000000000013d000 	/usr/lib/libcurl.4.dylib
0x000000000013d000 	/System/Library/PrivateFrameworks/MediaKit.framework/Versions/A/MediaKit
0x000000000013d000 	/System/Library/PrivateFrameworks/ProtectedCloudStorage.framework/Versions/A/ProtectedCloudStorage
0x000000000013d000 	/usr/lib/libCoreStorage.dylib
0x000000000013d000 	/System/Library/PrivateFrameworks/EFILogin.framework/Versions/A/EFILogin
0x000000000013d000 	/usr/lib/libutil.dylib
0x000000000013d000 	/System/Library/PrivateFrameworks/FindMyDevice.framework/Versions/A/FindMyDevice
0x000000000013d000 	/System/Library/Frameworks/LDAP.framework/Versions/A/LDAP
0x000000000013d000 	/usr/lib/libsasl2.2.dylib
0x000000000013d000 	/System/Library/PrivateFrameworks/CoreDaemon.framework/Versions/B/CoreDaemon
0x000000000013d000 	/usr/lib/libcrypto.0.9.8.dylib
0x000000000013d000 	/System/Library/PrivateFrameworks/AppleSRP.framework/Versions/A/AppleSRP
0x000000000013d000 	/System/Library/PrivateFrameworks/TrustEvaluationAgent.framework/Versions/A/TrustEvaluationAgent
0x000000011fff9000 	cl_kernels
0x000000000013d000 	/System/Library/Frameworks/OpenCL.framework/Versions/A/Libraries/ImageFormats/unorm8_bgra.dylib
0x000000000013d000 	/System/Library/Frameworks/OpenCL.framework/Versions/A/Libraries/ImageFormats/unorm8_rgba.dylib
0x000000000013d000 	/System/Library/PrivateFrameworks/FamilyControls.framework/Versions/A/FamilyControls
0x000000000013d000 	/System/Library/PrivateFrameworks/CommerceKit.framework/Versions/A/Frameworks/CommerceCore.framework/Versions/A/CommerceCore
0x000000000013d000 	/System/Library/PrivateFrameworks/SystemAdministration.framework/Versions/A/SystemAdministration
0x000000000013d000 	/System/Library/PrivateFrameworks/AppContainer.framework/Versions/A/AppContainer
0x000000000013d000 	/System/Library/PrivateFrameworks/SecCodeWrapper.framework/Versions/A/SecCodeWrapper
0x000000000013d000 	/System/Library/Frameworks/DirectoryService.framework/Versions/A/DirectoryService
0x000000000013d000 	/System/Library/PrivateFrameworks/LoginUIKit.framework/Versions/A/Frameworks/LoginUICore.framework/Versions/A/LoginUICore
0x000000000013d000 	/usr/lib/libodfde.dylib
0x000000000013d000 	/System/Library/Frameworks/OpenGL.framework/Versions/A/Resources/GLEngine.bundle/GLEngine
0x000000000013d000 	/System/Library/Frameworks/OpenGL.framework/Versions/A/Libraries/libGLProgrammability.dylib
0x00000001210d4000 	/System/Library/Extensions/AppleIntelHD5000GraphicsGLDriver.bundle/Contents/MacOS/AppleIntelHD5000GraphicsGLDriver
0x000000000013d000 	/System/Library/PrivateFrameworks/GPUSupport.framework/Versions/A/Libraries/libGPUSupportMercury.dylib
0x000000000013d000 	/System/Library/Frameworks/OpenGL.framework/Versions/A/Resources/GLRendererFloat.bundle/GLRendererFloat
0x00000001220c2000 	/Library/Java/JavaVirtualMachines/jdk1.8.0_91.jdk/Contents/Home/jre/lib/libfontmanager.dylib
0x00000001282ac000 	/Library/Java/JavaVirtualMachines/jdk1.8.0_91.jdk/Contents/Home/jre/lib/libosxui.dylib
0x0000000128d2d000 	/Library/Java/JavaVirtualMachines/jdk1.8.0_91.jdk/Contents/Home/jre/lib/libnet.dylib
0x0000000128d97000 	/Library/Java/JavaVirtualMachines/jdk1.8.0_91.jdk/Contents/Home/jre/lib/libnio.dylib
0x000000000013d000 	/System/Library/Frameworks/ApplicationServices.framework/Versions/A/Frameworks/ATS.framework/Versions/A/Resources/libTrueTypeScaler.dylib
0x000000018cf9f000 	/System/Library/Extensions/AppleIntelHD5000GraphicsMTLDriver.bundle/Contents/MacOS/AppleIntelHD5000GraphicsMTLDriver
0x000000011f5af000 	/private/var/folders/2q/8fyb0cbd2fx7dmw7lw2szts40000gn/T/jogamp_0000/file_cache/jln5226669815306121794/jln2244059476132706158/libgluegen-rt.jnilib
0x00000001232ed000 	/private/var/folders/2q/8fyb0cbd2fx7dmw7lw2szts40000gn/T/jogamp_0000/file_cache/jln5226669815306121794/jln2244059476132706158/libnativewindow_awt.jnilib
0x00000001232f0000 	/Library/Java/JavaVirtualMachines/jdk1.8.0_91.jdk/Contents/Home/jre/lib/libjawt.dylib
0x00000001232f3000 	/private/var/folders/2q/8fyb0cbd2fx7dmw7lw2szts40000gn/T/jogamp_0000/file_cache/jln5226669815306121794/jln2244059476132706158/libnativewindow_macosx.jnilib
0x000000019306a000 	/private/var/folders/2q/8fyb0cbd2fx7dmw7lw2szts40000gn/T/jogamp_0000/file_cache/jln5226669815306121794/jln2244059476132706158/libjogl_desktop.jnilib
0x0000000195368000 	/Library/Java/JavaVirtualMachines/jdk1.8.0_91.jdk/Contents/Home/jre/lib/libt2k.dylib

VM Arguments:
jvm_args: -Djava.security.policy=java.policy.applet -Dfile.encoding=UTF-8 
java_command: sun.applet.AppletViewer module6.EarthquakeCityMap1480412122946.html
java_class_path (initial): /Users/songluyi/Desktop/Java/UCSD_Java/UCSDUnfoldingMaps/build:/Users/songluyi/Desktop/Java/UCSD_Java/UCSDUnfoldingMaps/lib/core.jar:/Users/songluyi/Desktop/Java/UCSD_Java/UCSDUnfoldingMaps/lib/gluegen-rt.jar:/Users/songluyi/Desktop/Java/UCSD_Java/UCSDUnfoldingMaps/lib/jogl-all.jar:/Users/songluyi/Desktop/Java/UCSD_Java/UCSDUnfoldingMaps/lib/log4j-1.2.15.jar:/Users/songluyi/Desktop/Java/UCSD_Java/UCSDUnfoldingMaps/lib/sqlite-jdbc-3.7.2.jar:/Users/songluyi/Desktop/Java/UCSD_Java/UCSDUnfoldingMaps/lib/json4processing.jar:/Users/songluyi/Desktop/Java/UCSD_Java/UCSDUnfoldingMaps/lib/libTUIO.jar:/Users/songluyi/Desktop/Java/UCSD_Java/UCSDUnfoldingMaps/lib/unfolding.0.9.7-uscd.jar
Launcher Type: SUN_STANDARD

Environment Variables:
PATH=/usr/bin:/bin:/usr/sbin:/sbin
SHELL=/bin/bash

Signal Handlers:
SIGSEGV: [libjvm.dylib+0x5a97a1], sa_mask[0]=11111111011111110111111111111111, sa_flags=SA_ONSTACK|SA_RESTART|SA_SIGINFO
SIGBUS: [libjvm.dylib+0x5a97a1], sa_mask[0]=11111111011111110111111111111111, sa_flags=SA_RESTART|SA_SIGINFO
SIGFPE: [libjvm.dylib+0x482594], sa_mask[0]=11111111011111110111111111111111, sa_flags=SA_RESTART|SA_SIGINFO
SIGPIPE: [libjvm.dylib+0x482594], sa_mask[0]=11111111011111110111111111111111, sa_flags=SA_RESTART|SA_SIGINFO
SIGXFSZ: [libjvm.dylib+0x482594], sa_mask[0]=11111111011111110111111111111111, sa_flags=SA_RESTART|SA_SIGINFO
SIGILL: [libjvm.dylib+0x482594], sa_mask[0]=11111111011111110111111111111111, sa_flags=SA_RESTART|SA_SIGINFO
SIGUSR1: SIG_DFL, sa_mask[0]=00000000000000000000000000000000, sa_flags=none
SIGUSR2: [libjvm.dylib+0x4820b2], sa_mask[0]=00100000000000000000000000000000, sa_flags=SA_RESTART|SA_SIGINFO
SIGHUP: [libjvm.dylib+0x480689], sa_mask[0]=11111111011111110111111111111111, sa_flags=SA_RESTART|SA_SIGINFO
SIGINT: [libjvm.dylib+0x480689], sa_mask[0]=11111111011111110111111111111111, sa_flags=SA_RESTART|SA_SIGINFO
SIGTERM: [libjvm.dylib+0x480689], sa_mask[0]=11111111011111110111111111111111, sa_flags=SA_RESTART|SA_SIGINFO
SIGQUIT: [libjvm.dylib+0x480689], sa_mask[0]=11111111011111110111111111111111, sa_flags=SA_RESTART|SA_SIGINFO


---------------  S Y S T E M  ---------------

OS:Bsduname:Darwin 15.5.0 Darwin Kernel Version 15.5.0: Tue Apr 19 18:36:36 PDT 2016; root:xnu-3248.50.21~8/RELEASE_X86_64 x86_64
rlimit: STACK 8192k, CORE 0k, NPROC 709, NOFILE 10240, AS infinity
load average:4.96 3.38 3.10

CPU:total 4 (2 cores per cpu, 2 threads per core) family 6 model 69 stepping 1, cmov, cx8, fxsr, mmx, sse, sse2, sse3, ssse3, sse4.1, sse4.2, popcnt, avx, avx2, aes, clmul, erms, lzcnt, ht, tsc, tscinvbit, bmi1, bmi2

Memory: 4k page, physical 8388608k(720424k free)

/proc/meminfo:


vm_info: Java HotSpot(TM) 64-Bit Server VM (25.91-b14) for bsd-amd64 JRE (1.8.0_91-b14), built on Apr  1 2016 01:03:00 by "java_re" with gcc 4.2.1 (Based on Apple Inc. build 5658) (LLVM build 2336.11.00)

time: Tue Nov 29 04:37:38 2016
elapsed time: 135 seconds (0d 0h 2m 15s)

